2026-02-22 06:50:55,018 CRIT Supervisor is running as root.  Privileges were not dropped because no user is specified in the config file.  If you intend to run as root, you can set user=root in the config file to avoid this message.
2026-02-22 06:50:55,032 INFO supervisord started with pid 1
2026-02-22 06:50:56,055 INFO spawned: 'queue-worker' with pid 7
2026-02-22 06:50:57,075 INFO success: queue-worker entered RUNNING state, process has stayed up for > than 1 seconds (startsecs)
2026-02-22 06:51:06,176 WARN exited: queue-worker (exit status 1; not expected)
2026-02-22 06:51:07,181 INFO spawned: 'queue-worker' with pid 12
2026-02-22 06:51:08,183 INFO success: queue-worker entered RUNNING state, process has stayed up for > than 1 seconds (startsecs)
2026-02-22 06:51:16,105 WARN exited: queue-worker (exit status 1; not expected)
2026-02-22 06:51:17,111 INFO spawned: 'queue-worker' with pid 17
2026-02-22 06:51:18,113 INFO success: queue-worker entered RUNNING state, process has stayed up for > than 1 seconds (startsecs)
2026-02-22 06:51:26,029 WARN exited: queue-worker (exit status 1; not expected)
2026-02-22 06:51:27,032 INFO spawned: 'queue-worker' with pid 22
2026-02-22 06:51:28,035 INFO success: queue-worker entered RUNNING state, process has stayed up for > than 1 seconds (startsecs)
2026-02-22 06:51:36,525 WARN exited: queue-worker (exit status 1; not expected)
2026-02-22 06:51:37,528 INFO spawned: 'queue-worker' with pid 27
2026-02-22 06:51:38,536 INFO success: queue-worker entered RUNNING state, process has stayed up for > than 1 seconds (startsecs)
2026-02-22 06:51:46,045 WARN exited: queue-worker (exit status 1; not expected)
2026-02-22 06:51:47,048 INFO spawned: 'queue-worker' with pid 32
2026-02-22 06:51:48,054 INFO success: queue-worker entered RUNNING state, process has stayed up for > than 1 seconds (startsecs)
2026-02-22 06:51:54,728 WARN exited: queue-worker (exit status 1; not expected)
2026-02-22 06:51:55,729 INFO spawned: 'queue-worker' with pid 37
2026-02-22 06:51:56,731 INFO success: queue-worker entered RUNNING state, process has stayed up for > than 1 seconds (startsecs)
2026-02-22 06:52:04,112 WARN exited: queue-worker (exit status 1; not expected)
2026-02-22 06:52:05,115 INFO spawned: 'queue-worker' with pid 42
2026-02-22 06:52:06,118 INFO success: queue-worker entered RUNNING state, process has stayed up for > than 1 seconds (startsecs)
2026-02-22 06:52:13,156 WARN exited: queue-worker (exit status 1; not expected)
2026-02-22 06:52:14,160 INFO spawned: 'queue-worker' with pid 47
2026-02-22 06:52:15,162 INFO success: queue-worker entered RUNNING state, process has stayed up for > than 1 seconds (startsecs)
2026-02-22 06:52:22,452 WARN exited: queue-worker (exit status 1; not expected)
2026-02-22 06:52:23,456 INFO spawned: 'queue-worker' with pid 52
2026-02-22 06:52:24,458 INFO success: queue-worker entered RUNNING state, process has stayed up for > than 1 seconds (startsecs)
2026-02-22 06:52:31,683 WARN exited: queue-worker (exit status 1; not expected)
2026-02-22 06:52:32,686 INFO spawned: 'queue-worker' with pid 57
2026-02-22 06:52:33,694 INFO success: queue-worker entered RUNNING state, process has stayed up for > than 1 seconds (startsecs)
2026-02-22 06:52:40,965 WARN exited: queue-worker (exit status 1; not expected)
2026-02-22 06:52:41,970 INFO spawned: 'queue-worker' with pid 62
2026-02-22 06:52:42,972 INFO success: queue-worker entered RUNNING state, process has stayed up for > than 1 seconds (startsecs)
2026-02-22 06:52:50,349 WARN exited: queue-worker (exit status 1; not expected)
2026-02-22 06:52:51,353 INFO spawned: 'queue-worker' with pid 67
2026-02-22 06:52:52,357 INFO success: queue-worker entered RUNNING state, process has stayed up for > than 1 seconds (startsecs)
2026-02-22 06:52:59,978 WARN exited: queue-worker (exit status 1; not expected)
2026-02-22 06:53:00,982 INFO spawned: 'queue-worker' with pid 72
2026-02-22 06:53:01,984 INFO success: queue-worker entered RUNNING state, process has stayed up for > than 1 seconds (startsecs)
2026-02-22 06:53:10,576 WARN exited: queue-worker (exit status 1; not expected)
2026-02-22 06:53:11,580 INFO spawned: 'queue-worker' with pid 77
2026-02-22 06:53:12,583 INFO success: queue-worker entered RUNNING state, process has stayed up for > than 1 seconds (startsecs)
2026-02-22 06:53:18,960 WARN exited: queue-worker (exit status 1; not expected)
2026-02-22 06:53:19,964 INFO spawned: 'queue-worker' with pid 82
2026-02-22 06:53:20,967 INFO success: queue-worker entered RUNNING state, process has stayed up for > than 1 seconds (startsecs)
2026-02-22 07:53:28,977 INFO exited: queue-worker (exit status 0; expected)
2026-02-22 09:17:16,373 CRIT Supervisor is running as root.  Privileges were not dropped because no user is specified in the config file.  If you intend to run as root, you can set user=root in the config file to avoid this message.
2026-02-22 09:17:16,377 INFO supervisord started with pid 1
2026-02-22 09:17:17,401 INFO spawned: 'queue-worker' with pid 7
2026-02-22 09:17:18,424 INFO success: queue-worker entered RUNNING state, process has stayed up for > than 1 seconds (startsecs)
2026-02-22 09:22:06,795 WARN received SIGQUIT indicating exit request
2026-02-22 09:22:06,795 INFO waiting for queue-worker to die
2026-02-22 09:22:06,807 WARN stopped: queue-worker (terminated by SIGTERM)
2026-02-22 11:20:18,595 CRIT Supervisor is running as root.  Privileges were not dropped because no user is specified in the config file.  If you intend to run as root, you can set user=root in the config file to avoid this message.
2026-02-22 11:20:18,599 INFO supervisord started with pid 1
2026-02-22 11:20:19,601 INFO spawned: 'queue-worker' with pid 13
2026-02-22 11:20:20,605 INFO success: queue-worker entered RUNNING state, process has stayed up for > than 1 seconds (startsecs)
